make all --print-data-base --no-builtin-variables --no-builtin-rules --question
# GNU Make 4.3
# Built for x86_64-pc-linux-gnu
# Copyright (C) 1988-2020 Free Software Foundation, Inc.
# License GPLv3+: GNU GPL version 3 or later <http://gnu.org/licenses/gpl.html>
# This is free software: you are free to change and redistribute it.
# There is NO WARRANTY, to the extent permitted by law.

# Make data base, printed on Wed Dec 21 03:09:28 2022

# Variables

# makefile (from 'Makefile', line 16)
OBJ = $(SRC:$(SRCDIR)/%$(EXT)=$(OBJDIR)/%.o)
# environment
GDK_BACKEND = x11
# environment
LC_ALL = C
# makefile (from 'Makefile', line 15)
SRC = $(wildcard $(SRCDIR)/*$(EXT))
# environment
GNOME_SHELL_SESSION_MODE = pop
# environment
SSH_AGENT_LAUNCHER = gnome-keyring
# makefile (from 'Makefile', line 11)
EXT = .cpp
# makefile (from 'Makefile', line 24)
WDELOBJ = $(SRC:$(SRCDIR)/%$(EXT)=$(OBJDIR)\\%.o)
# makefile (from 'Makefile', line 13)
OBJDIR = obj
# environment
GJS_DEBUG_OUTPUT = stderr
# environment
VSCODE_CWD = /home/jeremy
# makefile (from 'Makefile', line 20)
DELOBJ = $(OBJ)
# environment
WINDOWPATH = 2
# environment
LIBVIRT_DEFAULT_URI = qemu:///system
# default
MAKE_COMMAND := make
# environment
QT_ACCESSIBILITY = 1
# automatic
@D = $(patsubst %/,%,$(dir $@))
# environment
VSCODE_HANDLES_UNCAUGHT_ERRORS = true
# default
.VARIABLES := 
# environment
PWD = /home/jeremy/Projects/Holberton/Solar_Sinusoid_Rythym
# automatic
%D = $(patsubst %/,%,$(dir $%))
# environment
LSCOLORS = Gxfxcxdxbxegedabagacad
# environment
XDG_DATA_DIRS = /usr/share/pop:/usr/share/gnome:/home/jeremy/.local/share/flatpak/exports/share:/var/lib/flatpak/exports/share:/usr/local/share/:/usr/share/:/var/lib/snapd/desktop
# automatic
^D = $(patsubst %/,%,$(dir $^))
# automatic
%F = $(notdir $%)
# environment
CONDA_PROMPT_MODIFIER = (base) 
# environment
VSCODE_CODE_CACHE_PATH = /home/jeremy/.config/Code/CachedData/e8a3071ea4344d9d48ef8a4df2c097372b0c5161
# environment
LANG = C
# environment
XAUTHORITY = /run/user/1000/gdm/Xauthority
# default
.LOADED := 
# default
.INCLUDE_DIRS = /usr/local/include /usr/include /usr/include
# makefile
MAKEFLAGS = pqrR
# makefile (from 'Makefile', line 17)
DEP = $(OBJ:$(OBJDIR)/%.o=%.d)
# makefile
CURDIR := /home/jeremy/Projects/Holberton/Solar_Sinusoid_Rythym
# environment
APPLICATION_INSIGHTS_NO_DIAGNOSTIC_CHANNEL = 1
# environment
ZSH_TMUX_TERM = screen
# automatic
*D = $(patsubst %/,%,$(dir $*))
# environment
MFLAGS = -pqrR
# environment
SSH_AUTH_SOCK = /tmp/ssh-XXXXXXV2Ao8E/agent.5973
# default
.SHELLFLAGS := -c
# environment
_ZSH_TMUX_FIXED_CONFIG = /home/jeremy/.oh-my-zsh/plugins/tmux/tmux.extra.conf
# environment
XDG_CONFIG_DIRS = /etc/xdg/xdg-pop:/etc/xdg
# automatic
+D = $(patsubst %/,%,$(dir $+))
# environment
XDG_SESSION_DESKTOP = pop
# makefile (from 'plotSine.d', line 1)
MAKEFILE_LIST := Makefile fourier.d main.d parseJSON.d plotSine.d
# environment
CONDA_SHLVL = 1
# automatic
@F = $(notdir $@)
# environment
ZSH = /home/jeremy/.oh-my-zsh
# environment
VSCODE_PID = 52360
# environment
XDG_SESSION_TYPE = x11
# makefile (from 'Makefile', line 10)
APPNAME = Solar_Sinusoid_Rythym
# automatic
?D = $(patsubst %/,%,$(dir $?))
# environment
CONDA_PYTHON_EXE = /home/jeremy/micromamba/bin/python
# environment
SESSION_MANAGER = local/jupiter:@/tmp/.ICE-unix/2500,unix/jupiter:/tmp/.ICE-unix/2500
# environment
MARKPATH = /home/jeremy/.marks
# automatic
*F = $(notdir $*)
# environment
ANT_ARGS = -logger org.apache.tools.ant.listener.AnsiColorLogger
# environment
CHROME_DESKTOP = code-url-handler.desktop
# environment
DBUS_SESSION_BUS_ADDRESS = unix:path=/run/user/1000/bus
# automatic
<D = $(patsubst %/,%,$(dir $<))
# environment
VSCODE_NLS_CONFIG = {"locale":"en-us","availableLanguages":{},"_languagePackSupport":true}
# default
MAKE_HOST := x86_64-pc-linux-gnu
# environment
GNOME_DESKTOP_SESSION_ID = this-is-deprecated
# environment
CONDA_PREFIX = /home/jeremy/micromamba
# makefile
SHELL = /bin/sh
# default
MAKECMDGOALS := all
# environment
XMODIFIERS = @im=ibus
# environment
DOTNET_BUNDLE_EXTRACT_BASE_DIR = /home/jeremy/.cache/dotnet_bundle_extract
# environment
GJS_DEBUG_TOPICS = JS ERROR;JS LOG
# environment
SHLVL = 0
# environment
MAKELEVEL := 0
# environment
ZSH_TMUX_CONFIG = /home/jeremy/.tmux.conf
# default
MAKE = $(MAKE_COMMAND)
# environment
PATH = /home/jeremy/micromamba/bin:/home/jeremy/micromamba/condabin:/home/jeremy/.cargo/bin:/home/jeremy/.local/bin:/usr/local/sbin:/usr/local/bin:/usr/sbin:/usr/bin:/sbin:/bin:/usr/games:/usr/local/games:/snap/bin:/snap/bin:/home/jeremy/.dotnet/tools:/home/jeremy/.local/bin
# default
MAKEFILES := 
# automatic
^F = $(notdir $^)
# environment
INVOCATION_ID = c1b1ccb9924f412d83c188d7d52bcdda
# environment
USERNAME = jeremy
# automatic
?F = $(notdir $?)
# environment
GTK_IM_MODULE = ibus
# environment
XDG_CURRENT_DESKTOP = Unity
# automatic
+F = $(notdir $+)
# environment
LESS = -R
# environment
DESKTOP_SESSION = pop
# environment
ORIGINAL_XDG_CURRENT_DESKTOP = pop:GNOME
# 'override' directive
GNUMAKEFLAGS := 
# environment
CONDA_DEFAULT_ENV = base
# environment
LOGNAME = jeremy
# environment
GIO_LAUNCHED_DESKTOP_FILE = /usr/share/applications/code.desktop
# makefile (from 'Makefile', line 23)
EXE = .exe
# makefile
.DEFAULT_GOAL := all
# environment
SYSTEMD_EXEC_PID = 2524
# makefile (from 'Makefile', line 19)
RM = rm
# environment
DISPLAY = :1
# environment
USER = jeremy
# environment
GTK_MODULES = gail:atk-bridge:appmenu-gtk-module
# default
MAKE_VERSION := 4.3
# makefile (from 'Makefile', line 7)
LDFLAGS = -lncurses 'wx/wx.h'
# environment
MANAGERPID = 2310
# makefile (from 'Makefile', line 22)
DEL = del
# environment
GIO_LAUNCHED_DESKTOP_FILE_PID = 52360
# environment
SSH_AGENT_PID = 5975
# environment
PAGER = less
# environment
_ = /usr/share/code/code
# environment
XDG_RUNTIME_DIR = /run/user/1000
# environment
GPG_AGENT_INFO = /run/user/1000/gnupg/S.gpg-agent:0:1
# environment
JOURNAL_STREAM = 8:48137
# environment
XDG_SESSION_CLASS = user
# environment
VSCODE_AMD_ENTRYPOINT = vs/workbench/api/node/extensionHostProcess
# environment
HOME = /home/jeremy
# environment
QT_IM_MODULE = ibus
# environment
ELECTRON_RUN_AS_NODE = 1
# environment
VSCODE_IPC_HOOK = /run/user/1000/vscode-13c5c0cd-1.74.2-main.sock
# makefile (from 'Makefile', line 12)
SRCDIR = src
# default
.RECIPEPREFIX := 
# automatic
<F = $(notdir $<)
# default
SUFFIXES := 
# makefile (from 'Makefile', line 6)
CXXFLAGS = -std=c++11 -Wall
# default
.FEATURES := target-specific order-only second-expansion else-if shortest-stem undefine oneshell nocomment grouped-target extra-prereqs archives jobserver output-sync check-symlink load
# makefile (from 'Makefile', line 5)
CC = g++
# environment
XDG_MENU_PREFIX = gnome-
# environment
DOTNET_ROOT = /usr/lib/dotnet
# environment
CONDA_EXE = /home/jeremy/micromamba/bin/conda
# environment
GDMSESSION = pop
# variable set hash-table stats:
# Load=124/1024=12%, Rehash=0, Collisions=11/190=6%

# Pattern-specific Variable Values

# No pattern-specific variable values.

# Directories

# src (device 66307, inode 14828600): 10 files, no impossibilities.
# . (device 66307, inode 14828562): 19 files, no impossibilities.

# 29 files, no impossibilities in 2 directories.

# Implicit Rules

%.d: src/%.cpp
#  recipe to execute (from 'Makefile', line 34):
	@$(CPP) $(CFLAGS) $< -MM -MT $(@:%.d=$(OBJDIR)/%.o) >$@

obj/%.o: src/%.cpp
#  recipe to execute (from 'Makefile', line 41):
	$(CC) $(CXXFLAGS) -o $@ -c $<

# 2 implicit rules, 0 (0.0%) terminal.
 
# Files

fourier.d: src/fourier.cpp
#  Implicit rule search has been done.
#  Implicit/static pattern stem: 'fourier'
#  Last modified 2022-12-21 03:09:27.737374879
#  File has been updated.
#  Successfully updated.
#  recipe to execute (from 'Makefile', line 34):
	@$(CPP) $(CFLAGS) $< -MM -MT $(@:%.d=$(OBJDIR)/%.o) >$@

parseJSON.d: src/parseJSON.cpp
#  Implicit rule search has been done.
#  Implicit/static pattern stem: 'parseJSON'
#  Last modified 2022-12-21 03:09:27.637374879
#  File has been updated.
#  Successfully updated.
#  recipe to execute (from 'Makefile', line 34):
	@$(CPP) $(CFLAGS) $< -MM -MT $(@:%.d=$(OBJDIR)/%.o) >$@

cleandepw:
#  Phony target (prerequisite of .PHONY).
#  Implicit rule search has not been done.
#  File does not exist.
#  File has not been updated.
#  recipe to execute (from 'Makefile', line 63):
	$(DEL) $(DEP)

# Not a target:
src/../include/head.h:
#  Implicit rule search has been done.
#  Last modified 2022-12-20 23:18:05.831919613
#  File has been updated.
#  Successfully updated.

obj/main.o: src/main.cpp src/../include/head.h
#  Implicit rule search has not been done.
#  Modification time never checked.
#  File has not been updated.

cleandep:
#  Phony target (prerequisite of .PHONY).
#  Implicit rule search has not been done.
#  File does not exist.
#  File has not been updated.
#  recipe to execute (from 'Makefile', line 52):
	$(RM) $(DEP)

# Not a target:
Makefile:
#  Implicit rule search has been done.
#  Last modified 2022-12-20 20:24:15.33992193
#  File has been updated.
#  Successfully updated.

# Not a target:
src/plotSine.cpp:
#  Implicit rule search has been done.
#  Last modified 2022-12-20 16:48:00.575924
#  File has been updated.
#  Successfully updated.

obj/fourier.o: src/fourier.cpp src/fourier.cpp src/../include/head.h
#  Implicit rule search has been done.
#  Implicit/static pattern stem: 'fourier'
#  File does not exist.
#  File has been updated.
#  Needs to be updated (-q is set).
# automatic
# @ := obj/fourier.o
# automatic
# * := fourier
# automatic
# < := src/fourier.cpp
# automatic
# + := src/fourier.cpp src/fourier.cpp src/../include/head.h
# automatic
# % := 
# automatic
# ^ := src/fourier.cpp src/../include/head.h
# automatic
# ? := src/fourier.cpp src/../include/head.h
# automatic
# | := 
# variable set hash-table stats:
# Load=8/32=25%, Rehash=0, Collisions=2/15=13%
#  recipe to execute (from 'Makefile', line 41):
	$(CC) $(CXXFLAGS) -o $@ -c $<

# Not a target:
src/main.cpp:
#  Implicit rule search has been done.
#  Last modified 2022-12-20 17:38:02.751924145
#  File has been updated.
#  Successfully updated.

clean:
#  Phony target (prerequisite of .PHONY).
#  Implicit rule search has not been done.
#  File does not exist.
#  File has not been updated.
#  recipe to execute (from 'Makefile', line 47):
	$(RM) $(DELOBJ) $(DEP) $(APPNAME)

# Not a target:
src/fourier.cpp:
#  Implicit rule search has been done.
#  Last modified 2022-12-20 23:59:22.629377413
#  File has been updated.
#  Successfully updated.

# Not a target:
.DEFAULT:
#  Implicit rule search has not been done.
#  Modification time never checked.
#  File has not been updated.

obj/plotSine.o: src/plotSine.cpp src/../include/head.h
#  Implicit rule search has not been done.
#  Modification time never checked.
#  File has not been updated.

Solar_Sinusoid_Rythym: obj/fourier.o obj/main.o obj/parseJSON.o obj/plotSine.o
#  Implicit rule search has not been done.
#  File does not exist.
#  File has been updated.
#  Needs to be updated (-q is set).
# variable set hash-table stats:
# Load=0/32=0%, Rehash=0, Collisions=0/5=0%
#  recipe to execute (from 'Makefile', line 30):
	$(CC) $(CXXFLAGS) -o $@ $^ $(LDFLAGS)

all: Solar_Sinusoid_Rythym
#  Command line target.
#  Implicit rule search has been done.
#  File does not exist.
#  File has been updated.
#  Needs to be updated (-q is set).
# variable set hash-table stats:
# Load=0/32=0%, Rehash=0, Collisions=0/5=0%

obj/parseJSON.o: src/parseJSON.cpp src/../include/head.h
#  Implicit rule search has not been done.
#  Modification time never checked.
#  File has not been updated.

plotSine.d: src/plotSine.cpp
#  Implicit rule search has been done.
#  Implicit/static pattern stem: 'plotSine'
#  Last modified 2022-12-21 03:09:27.589374879
#  File has been updated.
#  Successfully updated.
#  recipe to execute (from 'Makefile', line 34):
	@$(CPP) $(CFLAGS) $< -MM -MT $(@:%.d=$(OBJDIR)/%.o) >$@

cleanw:
#  Phony target (prerequisite of .PHONY).
#  Implicit rule search has not been done.
#  File does not exist.
#  File has not been updated.
#  recipe to execute (from 'Makefile', line 58):
	$(DEL) $(WDELOBJ) $(DEP) $(APPNAME)$(EXE)

main.d: src/main.cpp
#  Implicit rule search has been done.
#  Implicit/static pattern stem: 'main'
#  Last modified 2022-12-21 03:09:27.685374879
#  File has been updated.
#  Successfully updated.
#  recipe to execute (from 'Makefile', line 34):
	@$(CPP) $(CFLAGS) $< -MM -MT $(@:%.d=$(OBJDIR)/%.o) >$@

# Not a target:
src/parseJSON.cpp:
#  Implicit rule search has been done.
#  Last modified 2022-12-21 03:06:10.077374923
#  File has been updated.
#  Successfully updated.

.PHONY: clean cleandep cleanw cleandepw
#  Implicit rule search has not been done.
#  Modification time never checked.
#  File has not been updated.

# files hash-table stats:
# Load=23/1024=2%, Rehash=0, Collisions=0/81=0%
# VPATH Search Paths

# No 'vpath' search paths.

# No general ('VPATH' variable) search path.

# strcache buffers: 1 (0) / strings = 53 / storage = 537 B / avg = 10 B
# current buf: size = 8162 B / used = 537 B / count = 53 / avg = 10 B

# strcache performance: lookups = 111 / hit rate = 52%
# hash-table stats:
# Load=53/8192=1%, Rehash=0, Collisions=0/111=0%
# Finished Make data base on Wed Dec 21 03:09:28 2022

 
